\BOOKMARK [1][-]{section.1}{\376\377\225\356\230\230\221\315\217\360}{}% 1
\BOOKMARK [1][-]{section.2}{\376\377\173\046\123\367\213\364\146\016}{}% 2
\BOOKMARK [1][-]{section.3}{\376\377\145\160\133\146\152\041\127\213\166\204\136\372\172\313}{}% 3
\BOOKMARK [1][-]{section.4}{\376\377\145\160\133\146\152\041\127\213\166\204\154\102\211\343}{}% 4
\BOOKMARK [2][-]{subsection.4.1}{\376\377\137\002\142\026\217\320\173\227\166\204\140\047\215\050}{section.4}% 5
\BOOKMARK [2][-]{subsection.4.2}{\376\377\137\252\163\257\123\363\171\373\144\315\117\134\166\204\140\047\215\050}{section.4}% 6
\BOOKMARK [2][-]{subsection.4.3}{\376\377\137\025\164\006}{section.4}% 7
\BOOKMARK [2][-]{subsection.4.4}{\376\377\137\252\163\257\124\150\147\037}{section.4}% 8
\BOOKMARK [2][-]{subsection.4.5}{\376\377\0002\000n\003\002\116\052\133\120\166\204\140\305\121\265}{section.4}% 9
\BOOKMARK [2][-]{subsection.4.6}{\376\377\140\073\176\323}{section.4}% 10
\BOOKMARK [1][-]{section.5}{\376\377\213\241\173\227\147\072\217\205\122\251\232\214\213\301}{}% 11
\BOOKMARK [1][-]{section.6}{\376\377\152\041\127\213\213\304\116\367}{}% 12
\BOOKMARK [2][-]{subsection.6.1}{\376\377\152\041\127\213\117\030\160\271}{section.6}% 13
\BOOKMARK [2][-]{subsection.6.2}{\376\377\152\041\127\213\177\072\160\271}{section.6}% 14
\BOOKMARK [1][-]{section.7}{\376\377\152\041\127\213\145\071\217\333\116\016\143\250\136\177}{}% 15
\BOOKMARK [2][-]{subsection.7.1}{\376\377\152\041\127\213\145\071\217\333}{section.7}% 16
\BOOKMARK [2][-]{subsection.7.2}{\376\377\152\041\127\213\166\204\143\250\136\177}{section.7}% 17
\BOOKMARK [1][-]{appendix.A}{\376\377\142\100\165\050\116\343\170\001}{}% 18
\BOOKMARK [2][-]{subsection.A.1}{\376\377\000c\000l\000e\000a\000r\000\137\000s\000y\000m\000v\000a\000r\000.\000m}{appendix.A}% 19
\BOOKMARK [2][-]{subsection.A.2}{\376\377\000m\000a\000i\000n\000.\000m}{appendix.A}% 20
